1692930780520	geckodriver	INFO	Listening on 127.0.0.1:64925
1692930783619	mozrunner::runner	INFO	Running command: "C:\\Program Files\\Mozilla Firefox\\firefox.exe" "--marionette" "--remote-debugging-port" "64926" "--remote-allow-hosts" "localhost" "-no-remote" "-profile" "C:\\Users\\matte\\AppData\\Local\\Temp\\rust_mozprofilelZmppq"
console.warn: services.settings: Ignoring preference override of remote settings server
console.warn: services.settings: Allow by setting MOZ_REMOTE_SETTINGS_DEVTOOLS=1 in the environment
1692930783802	Marionette	INFO	Marionette enabled
Dynamically enable window occlusion 0
1692930783848	Marionette	INFO	Listening on port 64936
WebDriver BiDi listening on ws://127.0.0.1:64926
Read port: 64936
1692930783980	RemoteAgent	WARN	TLS certificate errors will be ignored for this session
DevTools listening on ws://127.0.0.1:64926/devtools/browser/1a8af7a2-8243-4362-a5a7-422682f59c17
1692930791079	Marionette	INFO	Stopped listening on port 64936
JavaScript warning: https://platform.stratascratch.com/822.7e35c79976a40eaddc92.bundle.js, line 2: Script terminated by timeout at:
r@https://platform.stratascratch.com/822.7e35c79976a40eaddc92.bundle.js:2:68578

Dynamically enable window occlusion 1
[Parent 24264, IPC I/O Parent] WARNING: DuplicateHandle failed for handle 0 in TransferHandles: file /builds/worker/checkouts/gecko/ipc/chromium/src/chrome/common/ipc_channel_win.cc:621
[GPU 17784, IPC I/O Child] WARNING: pipe error: 232: file /builds/worker/checkouts/gecko/ipc/chromium/src/chrome/common/ipc_channel_win.cc:443
[Parent 24264, IPC I/O Parent] WARNING: DuplicateHandle failed for handle 0 in TransferHandles: file /builds/worker/checkouts/gecko/ipc/chromium/src/chrome/common/ipc_channel_win.cc:621
[GPU 17784, IPC I/O Child] WARNING: pipe error: 232: file /builds/worker/checkouts/gecko/ipc/chromium/src/chrome/common/ipc_channel_win.cc:443
[Parent 24264, IPC I/O Parent] WARNING: DuplicateHandle failed for handle 0 in TransferHandles: file /builds/worker/checkouts/gecko/ipc/chromium/src/chrome/common/ipc_channel_win.cc:621
[GPU 17784, IPC I/O Child] WARNING: pipe error: 232: file /builds/worker/checkouts/gecko/ipc/chromium/src/chrome/common/ipc_channel_win.cc:443
[Parent 24264, IPC I/O Parent] WARNING: DuplicateHandle failed for handle 0 in TransferHandles: file /builds/worker/checkouts/gecko/ipc/chromium/src/chrome/common/ipc_channel_win.cc:621
[GPU 17784, IPC I/O Child] WARNING: pipe error: 232: file /builds/worker/checkouts/gecko/ipc/chromium/src/chrome/common/ipc_channel_win.cc:443
1692978225756	geckodriver	INFO	Listening on 127.0.0.1:59649
1692978228813	mozrunner::runner	INFO	Running command: "C:\\Program Files\\Mozilla Firefox\\firefox.exe" "--marionette" "--remote-debugging-port" "59650" "--remote-allow-hosts" "localhost" "-no-remote" "-profile" "C:\\Users\\matte\\AppData\\Local\\Temp\\rust_mozprofilebgRadC"
console.warn: services.settings: Ignoring preference override of remote settings server
console.warn: services.settings: Allow by setting MOZ_REMOTE_SETTINGS_DEVTOOLS=1 in the environment
1692978229085	Marionette	INFO	Marionette enabled
Dynamically enable window occlusion 0
1692978229133	Marionette	INFO	Listening on port 59657
WebDriver BiDi listening on ws://127.0.0.1:59650
Read port: 59657
1692978229277	RemoteAgent	WARN	TLS certificate errors will be ignored for this session
DevTools listening on ws://127.0.0.1:59650/devtools/browser/804af529-1f55-4a85-aef2-533dafbba52f
[Parent 23196, IPC I/O Parent] WARNING: DuplicateHandle failed for handle 0 in TransferHandles: file /builds/worker/checkouts/gecko/ipc/chromium/src/chrome/common/ipc_channel_win.cc:621
[GPU 32052, IPC I/O Child] WARNING: pipe error: 232: file /builds/worker/checkouts/gecko/ipc/chromium/src/chrome/common/ipc_channel_win.cc:443
1692978237663	Marionette	INFO	Stopped listening on port 59657
JavaScript warning: https://platform.stratascratch.com/822.7e35c79976a40eaddc92.bundle.js, line 2: Script terminated by timeout at:
r@https://platform.stratascratch.com/822.7e35c79976a40eaddc92.bundle.js:2:68578

Dynamically enable window occlusion 1
[Parent 23196, IPC I/O Parent] WARNING: DuplicateHandle failed for handle 0 in TransferHandles: file /builds/worker/checkouts/gecko/ipc/chromium/src/chrome/common/ipc_channel_win.cc:621
[GPU 32052, IPC I/O Child] WARNING: pipe error: 232: file /builds/worker/checkouts/gecko/ipc/chromium/src/chrome/common/ipc_channel_win.cc:443
[Parent 23196, IPC I/O Parent] WARNING: DuplicateHandle failed for handle 0 in TransferHandles: file /builds/worker/checkouts/gecko/ipc/chromium/src/chrome/common/ipc_channel_win.cc:621
[GPU 32052, IPC I/O Child] WARNING: pipe error: 232: file /builds/worker/checkouts/gecko/ipc/chromium/src/chrome/common/ipc_channel_win.cc:443
[Parent 23196, IPC I/O Parent] WARNING: DuplicateHandle failed for handle 0 in TransferHandles: file /builds/worker/checkouts/gecko/ipc/chromium/src/chrome/common/ipc_channel_win.cc:621
[GPU 32052, IPC I/O Child] WARNING: pipe error: 232: file /builds/worker/checkouts/gecko/ipc/chromium/src/chrome/common/ipc_channel_win.cc:443
